C:\Users\Alexandre\AppData\Local\JetBrains\Toolbox\apps\CLion\ch-0\202.7660.37\bin\cmake\win\bin\cmake.exe -DCMAKE_BUILD_TYPE=Debug -G "CodeBlocks - NMake Makefiles" "D:\Cours\TD 4 prog concu"
-- The C compiler identification is MSVC 19.0.24215.1
-- Check for working C compiler: D:/Visual studio 2015/VC/bin/cl.exe
-- Check for working C compiler: D:/Visual studio 2015/VC/bin/cl.exe - broken
CMake Error at C:/Users/Alexandre/AppData/Local/JetBrains/Toolbox/apps/CLion/ch-0/202.7660.37/bin/cmake/win/share/cmake-3.17/Modules/CMakeTestCCompiler.cmake:60 (message):
  The C compiler

    "D:/Visual studio 2015/VC/bin/cl.exe"

  is not able to compile a simple test program.

  It fails with the following output:

    Change Dir: D:/Cours/TD 4 prog concu/cmake-build-debug/CMakeFiles/CMakeTmp
    
    Run Build Command(s):nmake /nologo cmTC_2bc05\fast && 	"D:\Visual studio 2015\VC\BIN\nmake.exe"  -f CMakeFiles\cmTC_2bc05.dir\build.make /nologo -L                  CMakeFiles\cmTC_2bc05.dir\build
    Building C object CMakeFiles/cmTC_2bc05.dir/testCCompiler.c.obj
    	"D:\Visual studio 2015\VC\bin\cl.exe" @C:\Users\Alexandre\AppData\Local\Temp\nm8767.tmp
    testCCompiler.c
    Linking C executable cmTC_2bc05.exe
    	C:\Users\Alexandre\AppData\Local\JetBrains\Toolbox\apps\CLion\ch-0\202.7660.37\bin\cmake\win\bin\cmake.exe -E vs_link_exe --intdir=CMakeFiles\cmTC_2bc05.dir --rc=rc --mt=CMAKE_MT-NOTFOUND --manifests  -- "D:\Visual studio 2015\VC\bin\link.exe" /nologo @CMakeFiles\cmTC_2bc05.dir\objects1.rsp @C:\Users\Alexandre\AppData\Local\Temp\nm88FE.tmp
    RC Pass 1: command "rc /fo CMakeFiles\cmTC_2bc05.dir/manifest.res CMakeFiles\cmTC_2bc05.dir/manifest.rc" failed (exit code 0) with the following output:
    Le fichier spÃ©cifiÃ© est introuvableNMAKE : fatal error U1077: 'C:\Users\Alexandre\AppData\Local\JetBrains\Toolbox\apps\CLion\ch-0\202.7660.37\bin\cmake\win\bin\cmake.exe'Ã¡: code retour '0xffffffff'
    Stop.
    NMAKE : fatal error U1077: '"D:\Visual studio 2015\VC\BIN\nmake.exe"'Ã¡: code retour '0x2'
    Stop.
    
    

  

  CMake will not be able to correctly generate this project.
Call Stack (most recent call first):
  CMakeLists.txt:2 (project)


-- Configuring incomplete, errors occurred!
See also "D:/Cours/TD 4 prog concu/cmake-build-debug/CMakeFiles/CMakeOutput.log".
See also "D:/Cours/TD 4 prog concu/cmake-build-debug/CMakeFiles/CMakeError.log".
